\BOOKMARK [1][-]{section.1}{\376\377\000E\000i\000n\000l\000e\000i\000t\000u\000n\000g}{}% 1
\BOOKMARK [2][-]{subsection.1.1}{\376\377\000M\000o\000t\000i\000v\000a\000t\000i\000o\000n}{section.1}% 2
\BOOKMARK [2][-]{subsection.1.2}{\376\377\000P\000r\000o\000j\000e\000k\000t\000z\000i\000e\000l}{section.1}% 3
\BOOKMARK [2][-]{subsection.1.3}{\376\377\000A\000b\000g\000r\000e\000n\000z\000u\000n\000g}{section.1}% 4
\BOOKMARK [1][-]{section.2}{\376\377\000G\000r\000u\000n\000d\000l\000a\000g\000e\000n}{}% 5
\BOOKMARK [2][-]{subsection.2.1}{\376\377\000G\000P\000U\000-\000P\000r\000o\000g\000r\000a\000m\000m\000i\000e\000r\000u\000n\000g\000\040\000u\000n\000d\000\040\000C\000o\000m\000p\000u\000t\000e\000\040\000S\000h\000a\000d\000e\000r}{section.2}% 6
\BOOKMARK [2][-]{subsection.2.2}{\376\377\000M\000e\000t\000a\000l\000\040\000S\000h\000a\000d\000i\000n\000g\000\040\000L\000a\000n\000g\000u\000a\000g\000e\000\040\000\050\000M\000S\000L\000\051}{section.2}% 7
\BOOKMARK [2][-]{subsection.2.3}{\376\377\000G\000L\000S\000L\000\040\000v\000s\000.\000\040\000M\000S\000L\000\040\040\023\000\040\000W\000e\000s\000e\000n\000t\000l\000i\000c\000h\000e\000\040\000U\000n\000t\000e\000r\000s\000c\000h\000i\000e\000d\000e}{section.2}% 8
\BOOKMARK [1][-]{section.3}{\376\377\000I\000s\000t\000-\000A\000n\000a\000l\000y\000s\000e\000:\000\040\000C\000R\000T\000-\000R\000o\000y\000a\000l\000e}{}% 9
\BOOKMARK [2][-]{subsection.3.1}{\376\377\000\334\000b\000e\000r\000b\000l\000i\000c\000k}{section.3}% 10
\BOOKMARK [2][-]{subsection.3.2}{\376\377\000D\000i\000e\000\040\0001\0003\000-\000P\000a\000s\000s\000-\000P\000i\000p\000e\000l\000i\000n\000e}{section.3}% 11
\BOOKMARK [2][-]{subsection.3.3}{\376\377\000Q\000u\000e\000l\000l\000s\000t\000r\000u\000k\000t\000u\000r}{section.3}% 12
\BOOKMARK [2][-]{subsection.3.4}{\376\377\000K\000o\000n\000f\000i\000g\000u\000r\000i\000e\000r\000b\000a\000r\000e\000\040\000P\000a\000r\000a\000m\000e\000t\000e\000r\000\040\000\050\000A\000u\000s\000z\000u\000g\000\051}{section.3}% 13
\BOOKMARK [1][-]{section.4}{\376\377\000Z\000i\000e\000l\000a\000r\000c\000h\000i\000t\000e\000k\000t\000u\000r\000:\000\040\000R\000e\000t\000r\000o\000V\000i\000s\000o\000r}{}% 14
\BOOKMARK [2][-]{subsection.4.1}{\376\377\000\334\000b\000e\000r\000b\000l\000i\000c\000k}{section.4}% 15
\BOOKMARK [2][-]{subsection.4.2}{\376\377\000S\000h\000a\000d\000e\000r\000-\000I\000n\000t\000e\000g\000r\000a\000t\000i\000o\000n\000s\000m\000u\000s\000t\000e\000r}{section.4}% 16
\BOOKMARK [2][-]{subsection.4.3}{\376\377\000R\000e\000n\000d\000e\000r\000-\000P\000i\000p\000e\000l\000i\000n\000e}{section.4}% 17
\BOOKMARK [1][-]{section.5}{\376\377\000T\000e\000c\000h\000n\000o\000l\000o\000g\000i\000e\000a\000u\000s\000w\000a\000h\000l}{}% 18
\BOOKMARK [1][-]{section.6}{\376\377\000P\000o\000r\000t\000i\000e\000r\000u\000n\000g\000s\000s\000t\000r\000a\000t\000e\000g\000i\000e}{}% 19
\BOOKMARK [2][-]{subsection.6.1}{\376\377\000V\000o\000r\000g\000e\000h\000e\000n}{section.6}% 20
\BOOKMARK [2][-]{subsection.6.2}{\376\377\000\334\000b\000e\000r\000s\000e\000t\000z\000u\000n\000g\000s\000r\000e\000g\000e\000l\000n}{section.6}% 21
\BOOKMARK [2][-]{subsection.6.3}{\376\377\000H\000e\000r\000a\000u\000s\000f\000o\000r\000d\000e\000r\000u\000n\000g\000e\000n}{section.6}% 22
\BOOKMARK [1][-]{section.7}{\376\377\000I\000m\000p\000l\000e\000m\000e\000n\000t\000i\000e\000r\000u\000n\000g}{}% 23
\BOOKMARK [2][-]{subsection.7.1}{\376\377\000A\000k\000t\000u\000e\000l\000l\000e\000r\000\040\000S\000t\000a\000n\000d}{section.7}% 24
\BOOKMARK [2][-]{subsection.7.2}{\376\377\000P\000a\000s\000s\000\040\0001\000:\000\040\000C\000o\000d\000e\000-\000B\000e\000i\000s\000p\000i\000e\000l\000\040\000\050\000M\000S\000L\000\051}{section.7}% 25
\BOOKMARK [2][-]{subsection.7.3}{\376\377\000S\000w\000i\000f\000t\000-\000I\000n\000t\000e\000g\000r\000a\000t\000i\000o\000n}{section.7}% 26
\BOOKMARK [2][-]{subsection.7.4}{\376\377\000D\000a\000t\000e\000i\000e\000n\000\040\000i\000m\000\040\000P\000r\000o\000j\000e\000k\000t}{section.7}% 27
\BOOKMARK [1][-]{section.8}{\376\377\000V\000a\000l\000i\000d\000i\000e\000r\000u\000n\000g\000s\000k\000o\000n\000z\000e\000p\000t}{}% 28
\BOOKMARK [2][-]{subsection.8.1}{\376\377\000M\000e\000t\000h\000o\000d\000i\000k}{section.8}% 29
\BOOKMARK [2][-]{subsection.8.2}{\376\377\000T\000e\000s\000t\000m\000u\000s\000t\000e\000r}{section.8}% 30
\BOOKMARK [1][-]{section.9}{\376\377\000E\000v\000a\000l\000u\000i\000e\000r\000u\000n\000g\000s\000p\000l\000a\000n}{}% 31
\BOOKMARK [2][-]{subsection.9.1}{\376\377\000Q\000u\000a\000l\000i\000t\000\344\000t\000s\000v\000e\000r\000g\000l\000e\000i\000c\000h}{section.9}% 32
\BOOKMARK [2][-]{subsection.9.2}{\376\377\000P\000e\000r\000f\000o\000r\000m\000a\000n\000c\000e\000b\000e\000w\000e\000r\000t\000u\000n\000g}{section.9}% 33
\BOOKMARK [1][-]{section.10}{\376\377\000P\000r\000o\000j\000e\000k\000t\000p\000l\000a\000n\000u\000n\000g}{}% 34
\BOOKMARK [2][-]{subsection.10.1}{\376\377\000P\000h\000a\000s\000e\000n\000\374\000b\000e\000r\000s\000i\000c\000h\000t}{section.10}% 35
\BOOKMARK [2][-]{subsection.10.2}{\376\377\000D\000e\000t\000a\000i\000l\000p\000l\000a\000n\000\040\000P\000h\000a\000s\000e\000\040\0001\000:\000\040\000P\000o\000r\000t\000i\000e\000r\000u\000n\000g}{section.10}% 36
\BOOKMARK [1][-]{section.11}{\376\377\000M\000u\000s\000s\000-\000\040\000u\000n\000d\000\040\000K\000a\000n\000n\000-\000K\000r\000i\000t\000e\000r\000i\000e\000n}{}% 37
\BOOKMARK [1][-]{section.12}{\376\377\000G\000l\000o\000s\000s\000a\000r}{}% 38
